<?xml version="1.0" encoding="UTF-8"?>
<testng-results ignored="0" total="1" passed="1" failed="0" skipped="0">
  <reporter-output>
  </reporter-output>
  <suite started-at="2025-04-04T20:21:17 IST" name="Default suite" finished-at="2025-04-04T20:21:47 IST" duration-ms="29749">
    <groups>
    </groups>
    <test started-at="2025-04-04T20:21:17 IST" name="Default test" finished-at="2025-04-04T20:21:47 IST" duration-ms="29749">
      <class name="smaZer_testcases.Before_pairing">
        <test-method is-config="true" signature="beforeSuite()[pri:0, instance:smaZer_testcases.Before_pairing@3cc1435c]" started-at="2025-04-04T20:21:17 IST" name="beforeSuite" finished-at="2025-04-04T20:21:17 IST" duration-ms="244" status="PASS">
          <reporter-output>
          </reporter-output>
        </test-method> <!-- beforeSuite -->
        <test-method is-config="true" signature="beforeTest()[pri:0, instance:smaZer_testcases.Before_pairing@3cc1435c]" started-at="2025-04-04T20:21:17 IST" name="beforeTest" finished-at="2025-04-04T20:21:17 IST" duration-ms="0" status="PASS">
          <reporter-output>
          </reporter-output>
        </test-method> <!-- beforeTest -->
        <test-method is-config="true" signature="startTestCase()[pri:0, instance:smaZer_testcases.Before_pairing@3cc1435c]" started-at="2025-04-04T20:21:17 IST" name="startTestCase" finished-at="2025-04-04T20:21:17 IST" duration-ms="1" status="PASS">
          <reporter-output>
          </reporter-output>
        </test-method> <!-- startTestCase -->
        <test-method is-config="true" signature="beforeMethod()[pri:0, instance:smaZer_testcases.Before_pairing@3cc1435c]" started-at="2025-04-04T20:21:17 IST" name="beforeMethod" finished-at="2025-04-04T20:21:17 IST" duration-ms="3" status="PASS">
          <reporter-output>
          </reporter-output>
        </test-method> <!-- beforeMethod -->
        <test-method signature="homePageUICheck()[pri:0, instance:smaZer_testcases.Before_pairing@3cc1435c]" started-at="2025-04-04T20:21:17 IST" name="homePageUICheck" finished-at="2025-04-04T20:21:26 IST" duration-ms="8729" status="PASS">
          <reporter-output>
          </reporter-output>
        </test-method> <!-- homePageUICheck -->
        <test-method is-config="true" signature="afterMethod()[pri:0, instance:smaZer_testcases.Before_pairing@3cc1435c]" started-at="2025-04-04T20:21:26 IST" name="afterMethod" finished-at="2025-04-04T20:21:47 IST" duration-ms="20986" status="PASS">
          <reporter-output>
          </reporter-output>
        </test-method> <!-- afterMethod -->
        <test-method is-config="true" signature="afterTest()[pri:0, instance:smaZer_testcases.Before_pairing@3cc1435c]" started-at="2025-04-04T20:21:47 IST" name="afterTest" finished-at="2025-04-04T20:21:47 IST" duration-ms="0" status="PASS">
          <reporter-output>
          </reporter-output>
        </test-method> <!-- afterTest -->
        <test-method is-config="true" signature="afterSuite()[pri:0, instance:smaZer_testcases.Before_pairing@3cc1435c]" started-at="2025-04-04T20:21:47 IST" name="afterSuite" finished-at="2025-04-04T20:21:47 IST" duration-ms="195" status="PASS">
          <reporter-output>
          </reporter-output>
        </test-method> <!-- afterSuite -->
      </class> <!-- smaZer_testcases.Before_pairing -->
    </test> <!-- Default test -->
  </suite> <!-- Default suite -->
</testng-results>
